2021-09-08 04:15:35,072 DEBUG [main] cache:45 - Couldn't find template in cache for "Extent.ftl"("en_LK", UTF-8, parsed); will try to load it.
2021-09-08 04:15:35,075 DEBUG [main] cache:45 - TemplateLoader.findTemplateSource("Extent_en_LK.ftl"): Not found
2021-09-08 04:15:35,077 DEBUG [main] cache:45 - TemplateLoader.findTemplateSource("Extent_en.ftl"): Not found
2021-09-08 04:15:35,079 DEBUG [main] cache:45 - TemplateLoader.findTemplateSource("Extent.ftl"): Found
2021-09-08 04:15:35,080 DEBUG [main] cache:45 - Loading template for "Extent.ftl"("en_LK", UTF-8, parsed) from "jar:file:/Users/methuliakithma/.m2/repository/com/relevantcodes/extentreports/2.41.2/extentreports-2.41.2.jar!/com/relevantcodes/extentreports/view/Extent.ftl"
2021-09-08 04:15:35,325 DEBUG [main] cache:45 - Couldn't find template in cache for "Extent.ftl"("en_LK", UTF-8, parsed); will try to load it.
2021-09-08 04:15:35,326 DEBUG [main] cache:45 - TemplateLoader.findTemplateSource("Extent_en_LK.ftl"): Not found
2021-09-08 04:15:35,327 DEBUG [main] cache:45 - TemplateLoader.findTemplateSource("Extent_en.ftl"): Not found
2021-09-08 04:15:35,327 DEBUG [main] cache:45 - TemplateLoader.findTemplateSource("Extent.ftl"): Found
2021-09-08 04:15:35,328 DEBUG [main] cache:45 - Loading template for "Extent.ftl"("en_LK", UTF-8, parsed) from "jar:file:/Users/methuliakithma/.m2/repository/com/relevantcodes/extentreports/2.41.2/extentreports-2.41.2.jar!/com/relevantcodes/extentreports/view/Extent.ftl"
2021-09-08 08:43:05,181 DEBUG [main] cache:45 - Couldn't find template in cache for "Extent.ftl"("en_LK", UTF-8, parsed); will try to load it.
2021-09-08 08:43:05,185 DEBUG [main] cache:45 - TemplateLoader.findTemplateSource("Extent_en_LK.ftl"): Not found
2021-09-08 08:43:05,188 DEBUG [main] cache:45 - TemplateLoader.findTemplateSource("Extent_en.ftl"): Not found
2021-09-08 08:43:05,188 DEBUG [main] cache:45 - TemplateLoader.findTemplateSource("Extent.ftl"): Found
2021-09-08 08:43:05,189 DEBUG [main] cache:45 - Loading template for "Extent.ftl"("en_LK", UTF-8, parsed) from "jar:file:/Users/methuliakithma/.m2/repository/com/relevantcodes/extentreports/2.41.2/extentreports-2.41.2.jar!/com/relevantcodes/extentreports/view/Extent.ftl"
2021-09-08 08:43:05,474 DEBUG [main] cache:45 - Couldn't find template in cache for "Extent.ftl"("en_LK", UTF-8, parsed); will try to load it.
2021-09-08 08:43:05,479 DEBUG [main] cache:45 - TemplateLoader.findTemplateSource("Extent_en_LK.ftl"): Not found
2021-09-08 08:43:05,480 DEBUG [main] cache:45 - TemplateLoader.findTemplateSource("Extent_en.ftl"): Not found
2021-09-08 08:43:05,481 DEBUG [main] cache:45 - TemplateLoader.findTemplateSource("Extent.ftl"): Found
2021-09-08 08:43:05,482 DEBUG [main] cache:45 - Loading template for "Extent.ftl"("en_LK", UTF-8, parsed) from "jar:file:/Users/methuliakithma/.m2/repository/com/relevantcodes/extentreports/2.41.2/extentreports-2.41.2.jar!/com/relevantcodes/extentreports/view/Extent.ftl"
2022-09-24 21:26:34,271 DEBUG [main] cache:45 - Couldn't find template in cache for "Extent.ftl"("en_GB", UTF-8, parsed); will try to load it.
2022-09-24 21:26:34,291 DEBUG [main] cache:45 - TemplateLoader.findTemplateSource("Extent_en_GB.ftl"): Not found
2022-09-24 21:26:34,293 DEBUG [main] cache:45 - TemplateLoader.findTemplateSource("Extent_en.ftl"): Not found
2022-09-24 21:26:34,294 DEBUG [main] cache:45 - TemplateLoader.findTemplateSource("Extent.ftl"): Found
2022-09-24 21:26:34,294 DEBUG [main] cache:45 - Loading template for "Extent.ftl"("en_GB", UTF-8, parsed) from "jar:file:/C:/Users/User/.m2/repository/com/relevantcodes/extentreports/2.41.2/extentreports-2.41.2.jar!/com/relevantcodes/extentreports/view/Extent.ftl"
2022-09-24 21:26:34,596 DEBUG [main] cache:45 - Couldn't find template in cache for "Extent.ftl"("en_GB", UTF-8, parsed); will try to load it.
2022-09-24 21:26:34,596 DEBUG [main] cache:45 - TemplateLoader.findTemplateSource("Extent_en_GB.ftl"): Not found
2022-09-24 21:26:34,597 DEBUG [main] cache:45 - TemplateLoader.findTemplateSource("Extent_en.ftl"): Not found
2022-09-24 21:26:34,598 DEBUG [main] cache:45 - TemplateLoader.findTemplateSource("Extent.ftl"): Found
2022-09-24 21:26:34,598 DEBUG [main] cache:45 - Loading template for "Extent.ftl"("en_GB", UTF-8, parsed) from "jar:file:/C:/Users/User/.m2/repository/com/relevantcodes/extentreports/2.41.2/extentreports-2.41.2.jar!/com/relevantcodes/extentreports/view/Extent.ftl"
2022-09-24 21:36:00,288 DEBUG [main] cache:45 - Couldn't find template in cache for "Extent.ftl"("en_GB", UTF-8, parsed); will try to load it.
2022-09-24 21:36:00,293 DEBUG [main] cache:45 - TemplateLoader.findTemplateSource("Extent_en_GB.ftl"): Not found
2022-09-24 21:36:00,296 DEBUG [main] cache:45 - TemplateLoader.findTemplateSource("Extent_en.ftl"): Not found
2022-09-24 21:36:00,297 DEBUG [main] cache:45 - TemplateLoader.findTemplateSource("Extent.ftl"): Found
2022-09-24 21:36:00,298 DEBUG [main] cache:45 - Loading template for "Extent.ftl"("en_GB", UTF-8, parsed) from "jar:file:/C:/Users/User/.m2/repository/com/relevantcodes/extentreports/2.41.2/extentreports-2.41.2.jar!/com/relevantcodes/extentreports/view/Extent.ftl"
2022-09-24 21:36:00,541 DEBUG [main] cache:45 - Couldn't find template in cache for "Extent.ftl"("en_GB", UTF-8, parsed); will try to load it.
2022-09-24 21:36:00,541 DEBUG [main] cache:45 - TemplateLoader.findTemplateSource("Extent_en_GB.ftl"): Not found
2022-09-24 21:36:00,542 DEBUG [main] cache:45 - TemplateLoader.findTemplateSource("Extent_en.ftl"): Not found
2022-09-24 21:36:00,542 DEBUG [main] cache:45 - TemplateLoader.findTemplateSource("Extent.ftl"): Found
2022-09-24 21:36:00,542 DEBUG [main] cache:45 - Loading template for "Extent.ftl"("en_GB", UTF-8, parsed) from "jar:file:/C:/Users/User/.m2/repository/com/relevantcodes/extentreports/2.41.2/extentreports-2.41.2.jar!/com/relevantcodes/extentreports/view/Extent.ftl"
2022-09-24 21:36:53,126 DEBUG [main] cache:45 - Couldn't find template in cache for "Extent.ftl"("en_GB", UTF-8, parsed); will try to load it.
2022-09-24 21:36:53,131 DEBUG [main] cache:45 - TemplateLoader.findTemplateSource("Extent_en_GB.ftl"): Not found
2022-09-24 21:36:53,135 DEBUG [main] cache:45 - TemplateLoader.findTemplateSource("Extent_en.ftl"): Not found
2022-09-24 21:36:53,137 DEBUG [main] cache:45 - TemplateLoader.findTemplateSource("Extent.ftl"): Found
2022-09-24 21:36:53,137 DEBUG [main] cache:45 - Loading template for "Extent.ftl"("en_GB", UTF-8, parsed) from "jar:file:/C:/Users/User/.m2/repository/com/relevantcodes/extentreports/2.41.2/extentreports-2.41.2.jar!/com/relevantcodes/extentreports/view/Extent.ftl"
2022-09-24 21:36:53,420 DEBUG [main] cache:45 - Couldn't find template in cache for "Extent.ftl"("en_GB", UTF-8, parsed); will try to load it.
2022-09-24 21:36:53,421 DEBUG [main] cache:45 - TemplateLoader.findTemplateSource("Extent_en_GB.ftl"): Not found
2022-09-24 21:36:53,422 DEBUG [main] cache:45 - TemplateLoader.findTemplateSource("Extent_en.ftl"): Not found
2022-09-24 21:36:53,423 DEBUG [main] cache:45 - TemplateLoader.findTemplateSource("Extent.ftl"): Found
2022-09-24 21:36:53,424 DEBUG [main] cache:45 - Loading template for "Extent.ftl"("en_GB", UTF-8, parsed) from "jar:file:/C:/Users/User/.m2/repository/com/relevantcodes/extentreports/2.41.2/extentreports-2.41.2.jar!/com/relevantcodes/extentreports/view/Extent.ftl"
2022-09-24 21:38:42,110 DEBUG [main] cache:45 - Couldn't find template in cache for "Extent.ftl"("en_GB", UTF-8, parsed); will try to load it.
2022-09-24 21:38:42,112 DEBUG [main] cache:45 - TemplateLoader.findTemplateSource("Extent_en_GB.ftl"): Not found
2022-09-24 21:38:42,114 DEBUG [main] cache:45 - TemplateLoader.findTemplateSource("Extent_en.ftl"): Not found
2022-09-24 21:38:42,114 DEBUG [main] cache:45 - TemplateLoader.findTemplateSource("Extent.ftl"): Found
2022-09-24 21:38:42,115 DEBUG [main] cache:45 - Loading template for "Extent.ftl"("en_GB", UTF-8, parsed) from "jar:file:/C:/Users/User/.m2/repository/com/relevantcodes/extentreports/2.41.2/extentreports-2.41.2.jar!/com/relevantcodes/extentreports/view/Extent.ftl"
2022-09-24 21:38:42,283 DEBUG [main] cache:45 - Couldn't find template in cache for "Extent.ftl"("en_GB", UTF-8, parsed); will try to load it.
2022-09-24 21:38:42,283 DEBUG [main] cache:45 - TemplateLoader.findTemplateSource("Extent_en_GB.ftl"): Not found
2022-09-24 21:38:42,284 DEBUG [main] cache:45 - TemplateLoader.findTemplateSource("Extent_en.ftl"): Not found
2022-09-24 21:38:42,284 DEBUG [main] cache:45 - TemplateLoader.findTemplateSource("Extent.ftl"): Found
2022-09-24 21:38:42,284 DEBUG [main] cache:45 - Loading template for "Extent.ftl"("en_GB", UTF-8, parsed) from "jar:file:/C:/Users/User/.m2/repository/com/relevantcodes/extentreports/2.41.2/extentreports-2.41.2.jar!/com/relevantcodes/extentreports/view/Extent.ftl"
2022-09-24 22:55:48,962 DEBUG [main] cache:45 - Couldn't find template in cache for "Extent.ftl"("en_GB", UTF-8, parsed); will try to load it.
2022-09-24 22:55:48,968 DEBUG [main] cache:45 - TemplateLoader.findTemplateSource("Extent_en_GB.ftl"): Not found
2022-09-24 22:55:48,971 DEBUG [main] cache:45 - TemplateLoader.findTemplateSource("Extent_en.ftl"): Not found
2022-09-24 22:55:48,973 DEBUG [main] cache:45 - TemplateLoader.findTemplateSource("Extent.ftl"): Found
2022-09-24 22:55:48,973 DEBUG [main] cache:45 - Loading template for "Extent.ftl"("en_GB", UTF-8, parsed) from "jar:file:/C:/Users/User/.m2/repository/com/relevantcodes/extentreports/2.41.2/extentreports-2.41.2.jar!/com/relevantcodes/extentreports/view/Extent.ftl"
2022-09-24 22:55:49,342 DEBUG [main] cache:45 - Couldn't find template in cache for "Extent.ftl"("en_GB", UTF-8, parsed); will try to load it.
2022-09-24 22:55:49,343 DEBUG [main] cache:45 - TemplateLoader.findTemplateSource("Extent_en_GB.ftl"): Not found
2022-09-24 22:55:49,344 DEBUG [main] cache:45 - TemplateLoader.findTemplateSource("Extent_en.ftl"): Not found
2022-09-24 22:55:49,345 DEBUG [main] cache:45 - TemplateLoader.findTemplateSource("Extent.ftl"): Found
2022-09-24 22:55:49,345 DEBUG [main] cache:45 - Loading template for "Extent.ftl"("en_GB", UTF-8, parsed) from "jar:file:/C:/Users/User/.m2/repository/com/relevantcodes/extentreports/2.41.2/extentreports-2.41.2.jar!/com/relevantcodes/extentreports/view/Extent.ftl"
2022-09-24 22:58:25,107 DEBUG [main] cache:45 - Couldn't find template in cache for "Extent.ftl"("en_GB", UTF-8, parsed); will try to load it.
2022-09-24 22:58:25,111 DEBUG [main] cache:45 - TemplateLoader.findTemplateSource("Extent_en_GB.ftl"): Not found
2022-09-24 22:58:25,114 DEBUG [main] cache:45 - TemplateLoader.findTemplateSource("Extent_en.ftl"): Not found
2022-09-24 22:58:25,116 DEBUG [main] cache:45 - TemplateLoader.findTemplateSource("Extent.ftl"): Found
2022-09-24 22:58:25,117 DEBUG [main] cache:45 - Loading template for "Extent.ftl"("en_GB", UTF-8, parsed) from "jar:file:/C:/Users/User/.m2/repository/com/relevantcodes/extentreports/2.41.2/extentreports-2.41.2.jar!/com/relevantcodes/extentreports/view/Extent.ftl"
2022-09-24 22:58:25,422 DEBUG [main] cache:45 - Couldn't find template in cache for "Extent.ftl"("en_GB", UTF-8, parsed); will try to load it.
2022-09-24 22:58:25,423 DEBUG [main] cache:45 - TemplateLoader.findTemplateSource("Extent_en_GB.ftl"): Not found
2022-09-24 22:58:25,424 DEBUG [main] cache:45 - TemplateLoader.findTemplateSource("Extent_en.ftl"): Not found
2022-09-24 22:58:25,425 DEBUG [main] cache:45 - TemplateLoader.findTemplateSource("Extent.ftl"): Found
2022-09-24 22:58:25,425 DEBUG [main] cache:45 - Loading template for "Extent.ftl"("en_GB", UTF-8, parsed) from "jar:file:/C:/Users/User/.m2/repository/com/relevantcodes/extentreports/2.41.2/extentreports-2.41.2.jar!/com/relevantcodes/extentreports/view/Extent.ftl"
2022-09-25 08:13:06,049 DEBUG [main] cache:45 - Couldn't find template in cache for "Extent.ftl"("en_GB", UTF-8, parsed); will try to load it.
2022-09-25 08:13:06,053 DEBUG [main] cache:45 - TemplateLoader.findTemplateSource("Extent_en_GB.ftl"): Not found
2022-09-25 08:13:06,055 DEBUG [main] cache:45 - TemplateLoader.findTemplateSource("Extent_en.ftl"): Not found
2022-09-25 08:13:06,056 DEBUG [main] cache:45 - TemplateLoader.findTemplateSource("Extent.ftl"): Found
2022-09-25 08:13:06,057 DEBUG [main] cache:45 - Loading template for "Extent.ftl"("en_GB", UTF-8, parsed) from "jar:file:/C:/Users/User/.m2/repository/com/relevantcodes/extentreports/2.41.2/extentreports-2.41.2.jar!/com/relevantcodes/extentreports/view/Extent.ftl"
2022-09-25 08:13:06,332 DEBUG [main] cache:45 - Couldn't find template in cache for "Extent.ftl"("en_GB", UTF-8, parsed); will try to load it.
2022-09-25 08:13:06,332 DEBUG [main] cache:45 - TemplateLoader.findTemplateSource("Extent_en_GB.ftl"): Not found
2022-09-25 08:13:06,333 DEBUG [main] cache:45 - TemplateLoader.findTemplateSource("Extent_en.ftl"): Not found
2022-09-25 08:13:06,333 DEBUG [main] cache:45 - TemplateLoader.findTemplateSource("Extent.ftl"): Found
2022-09-25 08:13:06,333 DEBUG [main] cache:45 - Loading template for "Extent.ftl"("en_GB", UTF-8, parsed) from "jar:file:/C:/Users/User/.m2/repository/com/relevantcodes/extentreports/2.41.2/extentreports-2.41.2.jar!/com/relevantcodes/extentreports/view/Extent.ftl"
2022-09-25 08:29:36,423 DEBUG [main] cache:45 - Couldn't find template in cache for "Extent.ftl"("en_GB", UTF-8, parsed); will try to load it.
2022-09-25 08:29:36,427 DEBUG [main] cache:45 - TemplateLoader.findTemplateSource("Extent_en_GB.ftl"): Not found
2022-09-25 08:29:36,429 DEBUG [main] cache:45 - TemplateLoader.findTemplateSource("Extent_en.ftl"): Not found
2022-09-25 08:29:36,430 DEBUG [main] cache:45 - TemplateLoader.findTemplateSource("Extent.ftl"): Found
2022-09-25 08:29:36,430 DEBUG [main] cache:45 - Loading template for "Extent.ftl"("en_GB", UTF-8, parsed) from "jar:file:/C:/Users/User/.m2/repository/com/relevantcodes/extentreports/2.41.2/extentreports-2.41.2.jar!/com/relevantcodes/extentreports/view/Extent.ftl"
2022-09-25 08:29:36,711 DEBUG [main] cache:45 - Couldn't find template in cache for "Extent.ftl"("en_GB", UTF-8, parsed); will try to load it.
2022-09-25 08:29:36,712 DEBUG [main] cache:45 - TemplateLoader.findTemplateSource("Extent_en_GB.ftl"): Not found
2022-09-25 08:29:36,712 DEBUG [main] cache:45 - TemplateLoader.findTemplateSource("Extent_en.ftl"): Not found
2022-09-25 08:29:36,713 DEBUG [main] cache:45 - TemplateLoader.findTemplateSource("Extent.ftl"): Found
2022-09-25 08:29:36,714 DEBUG [main] cache:45 - Loading template for "Extent.ftl"("en_GB", UTF-8, parsed) from "jar:file:/C:/Users/User/.m2/repository/com/relevantcodes/extentreports/2.41.2/extentreports-2.41.2.jar!/com/relevantcodes/extentreports/view/Extent.ftl"
2022-09-25 08:30:47,580 DEBUG [main] cache:45 - Couldn't find template in cache for "Extent.ftl"("en_GB", UTF-8, parsed); will try to load it.
2022-09-25 08:30:47,583 DEBUG [main] cache:45 - TemplateLoader.findTemplateSource("Extent_en_GB.ftl"): Not found
2022-09-25 08:30:47,585 DEBUG [main] cache:45 - TemplateLoader.findTemplateSource("Extent_en.ftl"): Not found
2022-09-25 08:30:47,586 DEBUG [main] cache:45 - TemplateLoader.findTemplateSource("Extent.ftl"): Found
2022-09-25 08:30:47,587 DEBUG [main] cache:45 - Loading template for "Extent.ftl"("en_GB", UTF-8, parsed) from "jar:file:/C:/Users/User/.m2/repository/com/relevantcodes/extentreports/2.41.2/extentreports-2.41.2.jar!/com/relevantcodes/extentreports/view/Extent.ftl"
2022-09-25 08:30:47,845 DEBUG [main] cache:45 - Couldn't find template in cache for "Extent.ftl"("en_GB", UTF-8, parsed); will try to load it.
2022-09-25 08:30:47,846 DEBUG [main] cache:45 - TemplateLoader.findTemplateSource("Extent_en_GB.ftl"): Not found
2022-09-25 08:30:47,847 DEBUG [main] cache:45 - TemplateLoader.findTemplateSource("Extent_en.ftl"): Not found
2022-09-25 08:30:47,848 DEBUG [main] cache:45 - TemplateLoader.findTemplateSource("Extent.ftl"): Found
2022-09-25 08:30:47,848 DEBUG [main] cache:45 - Loading template for "Extent.ftl"("en_GB", UTF-8, parsed) from "jar:file:/C:/Users/User/.m2/repository/com/relevantcodes/extentreports/2.41.2/extentreports-2.41.2.jar!/com/relevantcodes/extentreports/view/Extent.ftl"
2022-09-25 08:32:05,965 DEBUG [main] cache:45 - Couldn't find template in cache for "Extent.ftl"("en_GB", UTF-8, parsed); will try to load it.
2022-09-25 08:32:05,969 DEBUG [main] cache:45 - TemplateLoader.findTemplateSource("Extent_en_GB.ftl"): Not found
2022-09-25 08:32:05,971 DEBUG [main] cache:45 - TemplateLoader.findTemplateSource("Extent_en.ftl"): Not found
2022-09-25 08:32:05,972 DEBUG [main] cache:45 - TemplateLoader.findTemplateSource("Extent.ftl"): Found
2022-09-25 08:32:05,972 DEBUG [main] cache:45 - Loading template for "Extent.ftl"("en_GB", UTF-8, parsed) from "jar:file:/C:/Users/User/.m2/repository/com/relevantcodes/extentreports/2.41.2/extentreports-2.41.2.jar!/com/relevantcodes/extentreports/view/Extent.ftl"
2022-09-25 08:32:06,324 DEBUG [main] cache:45 - Couldn't find template in cache for "Extent.ftl"("en_GB", UTF-8, parsed); will try to load it.
2022-09-25 08:32:06,324 DEBUG [main] cache:45 - TemplateLoader.findTemplateSource("Extent_en_GB.ftl"): Not found
2022-09-25 08:32:06,324 DEBUG [main] cache:45 - TemplateLoader.findTemplateSource("Extent_en.ftl"): Not found
2022-09-25 08:32:06,327 DEBUG [main] cache:45 - TemplateLoader.findTemplateSource("Extent.ftl"): Found
2022-09-25 08:32:06,327 DEBUG [main] cache:45 - Loading template for "Extent.ftl"("en_GB", UTF-8, parsed) from "jar:file:/C:/Users/User/.m2/repository/com/relevantcodes/extentreports/2.41.2/extentreports-2.41.2.jar!/com/relevantcodes/extentreports/view/Extent.ftl"
2022-09-25 08:35:17,909 DEBUG [main] cache:45 - Couldn't find template in cache for "Extent.ftl"("en_GB", UTF-8, parsed); will try to load it.
2022-09-25 08:35:17,914 DEBUG [main] cache:45 - TemplateLoader.findTemplateSource("Extent_en_GB.ftl"): Not found
2022-09-25 08:35:17,917 DEBUG [main] cache:45 - TemplateLoader.findTemplateSource("Extent_en.ftl"): Not found
2022-09-25 08:35:17,918 DEBUG [main] cache:45 - TemplateLoader.findTemplateSource("Extent.ftl"): Found
2022-09-25 08:35:17,919 DEBUG [main] cache:45 - Loading template for "Extent.ftl"("en_GB", UTF-8, parsed) from "jar:file:/C:/Users/User/.m2/repository/com/relevantcodes/extentreports/2.41.2/extentreports-2.41.2.jar!/com/relevantcodes/extentreports/view/Extent.ftl"
2022-09-25 08:35:18,291 DEBUG [main] cache:45 - Couldn't find template in cache for "Extent.ftl"("en_GB", UTF-8, parsed); will try to load it.
2022-09-25 08:35:18,292 DEBUG [main] cache:45 - TemplateLoader.findTemplateSource("Extent_en_GB.ftl"): Not found
2022-09-25 08:35:18,293 DEBUG [main] cache:45 - TemplateLoader.findTemplateSource("Extent_en.ftl"): Not found
2022-09-25 08:35:18,293 DEBUG [main] cache:45 - TemplateLoader.findTemplateSource("Extent.ftl"): Found
2022-09-25 08:35:18,295 DEBUG [main] cache:45 - Loading template for "Extent.ftl"("en_GB", UTF-8, parsed) from "jar:file:/C:/Users/User/.m2/repository/com/relevantcodes/extentreports/2.41.2/extentreports-2.41.2.jar!/com/relevantcodes/extentreports/view/Extent.ftl"
2022-09-25 08:38:46,409 DEBUG [main] cache:45 - Couldn't find template in cache for "Extent.ftl"("en_GB", UTF-8, parsed); will try to load it.
2022-09-25 08:38:46,424 DEBUG [main] cache:45 - TemplateLoader.findTemplateSource("Extent_en_GB.ftl"): Not found
2022-09-25 08:38:46,434 DEBUG [main] cache:45 - TemplateLoader.findTemplateSource("Extent_en.ftl"): Not found
2022-09-25 08:38:46,439 DEBUG [main] cache:45 - TemplateLoader.findTemplateSource("Extent.ftl"): Found
2022-09-25 08:38:46,442 DEBUG [main] cache:45 - Loading template for "Extent.ftl"("en_GB", UTF-8, parsed) from "jar:file:/C:/Users/User/.m2/repository/com/relevantcodes/extentreports/2.41.2/extentreports-2.41.2.jar!/com/relevantcodes/extentreports/view/Extent.ftl"
2022-09-25 08:38:47,109 DEBUG [main] cache:45 - Couldn't find template in cache for "Extent.ftl"("en_GB", UTF-8, parsed); will try to load it.
2022-09-25 08:38:47,110 DEBUG [main] cache:45 - TemplateLoader.findTemplateSource("Extent_en_GB.ftl"): Not found
2022-09-25 08:38:47,111 DEBUG [main] cache:45 - TemplateLoader.findTemplateSource("Extent_en.ftl"): Not found
2022-09-25 08:38:47,113 DEBUG [main] cache:45 - TemplateLoader.findTemplateSource("Extent.ftl"): Found
2022-09-25 08:38:47,113 DEBUG [main] cache:45 - Loading template for "Extent.ftl"("en_GB", UTF-8, parsed) from "jar:file:/C:/Users/User/.m2/repository/com/relevantcodes/extentreports/2.41.2/extentreports-2.41.2.jar!/com/relevantcodes/extentreports/view/Extent.ftl"
2022-09-25 08:41:47,942 DEBUG [main] cache:45 - Couldn't find template in cache for "Extent.ftl"("en_GB", UTF-8, parsed); will try to load it.
2022-09-25 08:41:47,946 DEBUG [main] cache:45 - TemplateLoader.findTemplateSource("Extent_en_GB.ftl"): Not found
2022-09-25 08:41:47,948 DEBUG [main] cache:45 - TemplateLoader.findTemplateSource("Extent_en.ftl"): Not found
2022-09-25 08:41:47,949 DEBUG [main] cache:45 - TemplateLoader.findTemplateSource("Extent.ftl"): Found
2022-09-25 08:41:47,950 DEBUG [main] cache:45 - Loading template for "Extent.ftl"("en_GB", UTF-8, parsed) from "jar:file:/C:/Users/User/.m2/repository/com/relevantcodes/extentreports/2.41.2/extentreports-2.41.2.jar!/com/relevantcodes/extentreports/view/Extent.ftl"
2022-09-25 08:41:48,419 DEBUG [main] cache:45 - Couldn't find template in cache for "Extent.ftl"("en_GB", UTF-8, parsed); will try to load it.
2022-09-25 08:41:48,419 DEBUG [main] cache:45 - TemplateLoader.findTemplateSource("Extent_en_GB.ftl"): Not found
2022-09-25 08:41:48,420 DEBUG [main] cache:45 - TemplateLoader.findTemplateSource("Extent_en.ftl"): Not found
2022-09-25 08:41:48,421 DEBUG [main] cache:45 - TemplateLoader.findTemplateSource("Extent.ftl"): Found
2022-09-25 08:41:48,421 DEBUG [main] cache:45 - Loading template for "Extent.ftl"("en_GB", UTF-8, parsed) from "jar:file:/C:/Users/User/.m2/repository/com/relevantcodes/extentreports/2.41.2/extentreports-2.41.2.jar!/com/relevantcodes/extentreports/view/Extent.ftl"
2022-09-25 08:55:40,884 DEBUG [main] cache:45 - Couldn't find template in cache for "Extent.ftl"("en_GB", UTF-8, parsed); will try to load it.
2022-09-25 08:55:40,888 DEBUG [main] cache:45 - TemplateLoader.findTemplateSource("Extent_en_GB.ftl"): Not found
2022-09-25 08:55:40,890 DEBUG [main] cache:45 - TemplateLoader.findTemplateSource("Extent_en.ftl"): Not found
2022-09-25 08:55:40,892 DEBUG [main] cache:45 - TemplateLoader.findTemplateSource("Extent.ftl"): Found
2022-09-25 08:55:40,892 DEBUG [main] cache:45 - Loading template for "Extent.ftl"("en_GB", UTF-8, parsed) from "jar:file:/C:/Users/User/.m2/repository/com/relevantcodes/extentreports/2.41.2/extentreports-2.41.2.jar!/com/relevantcodes/extentreports/view/Extent.ftl"
2022-09-25 08:55:41,184 DEBUG [main] cache:45 - Couldn't find template in cache for "Extent.ftl"("en_GB", UTF-8, parsed); will try to load it.
2022-09-25 08:55:41,186 DEBUG [main] cache:45 - TemplateLoader.findTemplateSource("Extent_en_GB.ftl"): Not found
2022-09-25 08:55:41,187 DEBUG [main] cache:45 - TemplateLoader.findTemplateSource("Extent_en.ftl"): Not found
2022-09-25 08:55:41,188 DEBUG [main] cache:45 - TemplateLoader.findTemplateSource("Extent.ftl"): Found
2022-09-25 08:55:41,188 DEBUG [main] cache:45 - Loading template for "Extent.ftl"("en_GB", UTF-8, parsed) from "jar:file:/C:/Users/User/.m2/repository/com/relevantcodes/extentreports/2.41.2/extentreports-2.41.2.jar!/com/relevantcodes/extentreports/view/Extent.ftl"
2022-09-25 08:59:57,898 DEBUG [main] cache:45 - Couldn't find template in cache for "Extent.ftl"("en_GB", UTF-8, parsed); will try to load it.
2022-09-25 08:59:57,900 DEBUG [main] cache:45 - TemplateLoader.findTemplateSource("Extent_en_GB.ftl"): Not found
2022-09-25 08:59:57,902 DEBUG [main] cache:45 - TemplateLoader.findTemplateSource("Extent_en.ftl"): Not found
2022-09-25 08:59:57,903 DEBUG [main] cache:45 - TemplateLoader.findTemplateSource("Extent.ftl"): Found
2022-09-25 08:59:57,903 DEBUG [main] cache:45 - Loading template for "Extent.ftl"("en_GB", UTF-8, parsed) from "jar:file:/C:/Users/User/.m2/repository/com/relevantcodes/extentreports/2.41.2/extentreports-2.41.2.jar!/com/relevantcodes/extentreports/view/Extent.ftl"
2022-09-25 08:59:58,075 DEBUG [main] cache:45 - Couldn't find template in cache for "Extent.ftl"("en_GB", UTF-8, parsed); will try to load it.
2022-09-25 08:59:58,075 DEBUG [main] cache:45 - TemplateLoader.findTemplateSource("Extent_en_GB.ftl"): Not found
2022-09-25 08:59:58,076 DEBUG [main] cache:45 - TemplateLoader.findTemplateSource("Extent_en.ftl"): Not found
2022-09-25 08:59:58,076 DEBUG [main] cache:45 - TemplateLoader.findTemplateSource("Extent.ftl"): Found
2022-09-25 08:59:58,076 DEBUG [main] cache:45 - Loading template for "Extent.ftl"("en_GB", UTF-8, parsed) from "jar:file:/C:/Users/User/.m2/repository/com/relevantcodes/extentreports/2.41.2/extentreports-2.41.2.jar!/com/relevantcodes/extentreports/view/Extent.ftl"
2022-09-25 09:01:50,460 DEBUG [main] cache:45 - Couldn't find template in cache for "Extent.ftl"("en_GB", UTF-8, parsed); will try to load it.
2022-09-25 09:01:50,462 DEBUG [main] cache:45 - TemplateLoader.findTemplateSource("Extent_en_GB.ftl"): Not found
2022-09-25 09:01:50,464 DEBUG [main] cache:45 - TemplateLoader.findTemplateSource("Extent_en.ftl"): Not found
2022-09-25 09:01:50,465 DEBUG [main] cache:45 - TemplateLoader.findTemplateSource("Extent.ftl"): Found
2022-09-25 09:01:50,465 DEBUG [main] cache:45 - Loading template for "Extent.ftl"("en_GB", UTF-8, parsed) from "jar:file:/C:/Users/User/.m2/repository/com/relevantcodes/extentreports/2.41.2/extentreports-2.41.2.jar!/com/relevantcodes/extentreports/view/Extent.ftl"
2022-09-25 09:01:50,631 DEBUG [main] cache:45 - Couldn't find template in cache for "Extent.ftl"("en_GB", UTF-8, parsed); will try to load it.
2022-09-25 09:01:50,631 DEBUG [main] cache:45 - TemplateLoader.findTemplateSource("Extent_en_GB.ftl"): Not found
2022-09-25 09:01:50,631 DEBUG [main] cache:45 - TemplateLoader.findTemplateSource("Extent_en.ftl"): Not found
2022-09-25 09:01:50,632 DEBUG [main] cache:45 - TemplateLoader.findTemplateSource("Extent.ftl"): Found
2022-09-25 09:01:50,632 DEBUG [main] cache:45 - Loading template for "Extent.ftl"("en_GB", UTF-8, parsed) from "jar:file:/C:/Users/User/.m2/repository/com/relevantcodes/extentreports/2.41.2/extentreports-2.41.2.jar!/com/relevantcodes/extentreports/view/Extent.ftl"
2022-09-25 09:09:27,033 DEBUG [main] cache:45 - Couldn't find template in cache for "Extent.ftl"("en_GB", UTF-8, parsed); will try to load it.
2022-09-25 09:09:27,037 DEBUG [main] cache:45 - TemplateLoader.findTemplateSource("Extent_en_GB.ftl"): Not found
2022-09-25 09:09:27,039 DEBUG [main] cache:45 - TemplateLoader.findTemplateSource("Extent_en.ftl"): Not found
2022-09-25 09:09:27,040 DEBUG [main] cache:45 - TemplateLoader.findTemplateSource("Extent.ftl"): Found
2022-09-25 09:09:27,040 DEBUG [main] cache:45 - Loading template for "Extent.ftl"("en_GB", UTF-8, parsed) from "jar:file:/C:/Users/User/.m2/repository/com/relevantcodes/extentreports/2.41.2/extentreports-2.41.2.jar!/com/relevantcodes/extentreports/view/Extent.ftl"
2022-09-25 09:09:27,272 DEBUG [main] cache:45 - Couldn't find template in cache for "Extent.ftl"("en_GB", UTF-8, parsed); will try to load it.
2022-09-25 09:09:27,273 DEBUG [main] cache:45 - TemplateLoader.findTemplateSource("Extent_en_GB.ftl"): Not found
2022-09-25 09:09:27,274 DEBUG [main] cache:45 - TemplateLoader.findTemplateSource("Extent_en.ftl"): Not found
2022-09-25 09:09:27,275 DEBUG [main] cache:45 - TemplateLoader.findTemplateSource("Extent.ftl"): Found
2022-09-25 09:09:27,275 DEBUG [main] cache:45 - Loading template for "Extent.ftl"("en_GB", UTF-8, parsed) from "jar:file:/C:/Users/User/.m2/repository/com/relevantcodes/extentreports/2.41.2/extentreports-2.41.2.jar!/com/relevantcodes/extentreports/view/Extent.ftl"
2022-09-25 09:18:00,338 DEBUG [main] cache:45 - Couldn't find template in cache for "Extent.ftl"("en_GB", UTF-8, parsed); will try to load it.
2022-09-25 09:18:00,341 DEBUG [main] cache:45 - TemplateLoader.findTemplateSource("Extent_en_GB.ftl"): Not found
2022-09-25 09:18:00,342 DEBUG [main] cache:45 - TemplateLoader.findTemplateSource("Extent_en.ftl"): Not found
2022-09-25 09:18:00,344 DEBUG [main] cache:45 - TemplateLoader.findTemplateSource("Extent.ftl"): Found
2022-09-25 09:18:00,344 DEBUG [main] cache:45 - Loading template for "Extent.ftl"("en_GB", UTF-8, parsed) from "jar:file:/C:/Users/User/.m2/repository/com/relevantcodes/extentreports/2.41.2/extentreports-2.41.2.jar!/com/relevantcodes/extentreports/view/Extent.ftl"
2022-09-25 09:18:00,603 DEBUG [main] cache:45 - Couldn't find template in cache for "Extent.ftl"("en_GB", UTF-8, parsed); will try to load it.
2022-09-25 09:18:00,604 DEBUG [main] cache:45 - TemplateLoader.findTemplateSource("Extent_en_GB.ftl"): Not found
2022-09-25 09:18:00,605 DEBUG [main] cache:45 - TemplateLoader.findTemplateSource("Extent_en.ftl"): Not found
2022-09-25 09:18:00,605 DEBUG [main] cache:45 - TemplateLoader.findTemplateSource("Extent.ftl"): Found
2022-09-25 09:18:00,606 DEBUG [main] cache:45 - Loading template for "Extent.ftl"("en_GB", UTF-8, parsed) from "jar:file:/C:/Users/User/.m2/repository/com/relevantcodes/extentreports/2.41.2/extentreports-2.41.2.jar!/com/relevantcodes/extentreports/view/Extent.ftl"
2022-09-25 09:19:51,758 DEBUG [main] cache:45 - Couldn't find template in cache for "Extent.ftl"("en_GB", UTF-8, parsed); will try to load it.
2022-09-25 09:19:51,761 DEBUG [main] cache:45 - TemplateLoader.findTemplateSource("Extent_en_GB.ftl"): Not found
2022-09-25 09:19:51,763 DEBUG [main] cache:45 - TemplateLoader.findTemplateSource("Extent_en.ftl"): Not found
2022-09-25 09:19:51,764 DEBUG [main] cache:45 - TemplateLoader.findTemplateSource("Extent.ftl"): Found
2022-09-25 09:19:51,765 DEBUG [main] cache:45 - Loading template for "Extent.ftl"("en_GB", UTF-8, parsed) from "jar:file:/C:/Users/User/.m2/repository/com/relevantcodes/extentreports/2.41.2/extentreports-2.41.2.jar!/com/relevantcodes/extentreports/view/Extent.ftl"
2022-09-25 09:19:51,973 DEBUG [main] cache:45 - Couldn't find template in cache for "Extent.ftl"("en_GB", UTF-8, parsed); will try to load it.
2022-09-25 09:19:51,974 DEBUG [main] cache:45 - TemplateLoader.findTemplateSource("Extent_en_GB.ftl"): Not found
2022-09-25 09:19:51,974 DEBUG [main] cache:45 - TemplateLoader.findTemplateSource("Extent_en.ftl"): Not found
2022-09-25 09:19:51,974 DEBUG [main] cache:45 - TemplateLoader.findTemplateSource("Extent.ftl"): Found
2022-09-25 09:19:51,974 DEBUG [main] cache:45 - Loading template for "Extent.ftl"("en_GB", UTF-8, parsed) from "jar:file:/C:/Users/User/.m2/repository/com/relevantcodes/extentreports/2.41.2/extentreports-2.41.2.jar!/com/relevantcodes/extentreports/view/Extent.ftl"
2022-09-25 09:21:34,595 DEBUG [main] cache:45 - Couldn't find template in cache for "Extent.ftl"("en_GB", UTF-8, parsed); will try to load it.
2022-09-25 09:21:34,598 DEBUG [main] cache:45 - TemplateLoader.findTemplateSource("Extent_en_GB.ftl"): Not found
2022-09-25 09:21:34,599 DEBUG [main] cache:45 - TemplateLoader.findTemplateSource("Extent_en.ftl"): Not found
2022-09-25 09:21:34,601 DEBUG [main] cache:45 - TemplateLoader.findTemplateSource("Extent.ftl"): Found
2022-09-25 09:21:34,601 DEBUG [main] cache:45 - Loading template for "Extent.ftl"("en_GB", UTF-8, parsed) from "jar:file:/C:/Users/User/.m2/repository/com/relevantcodes/extentreports/2.41.2/extentreports-2.41.2.jar!/com/relevantcodes/extentreports/view/Extent.ftl"
2022-09-25 09:21:34,782 DEBUG [main] cache:45 - Couldn't find template in cache for "Extent.ftl"("en_GB", UTF-8, parsed); will try to load it.
2022-09-25 09:21:34,783 DEBUG [main] cache:45 - TemplateLoader.findTemplateSource("Extent_en_GB.ftl"): Not found
2022-09-25 09:21:34,783 DEBUG [main] cache:45 - TemplateLoader.findTemplateSource("Extent_en.ftl"): Not found
2022-09-25 09:21:34,784 DEBUG [main] cache:45 - TemplateLoader.findTemplateSource("Extent.ftl"): Found
2022-09-25 09:21:34,784 DEBUG [main] cache:45 - Loading template for "Extent.ftl"("en_GB", UTF-8, parsed) from "jar:file:/C:/Users/User/.m2/repository/com/relevantcodes/extentreports/2.41.2/extentreports-2.41.2.jar!/com/relevantcodes/extentreports/view/Extent.ftl"
2022-09-25 09:37:48,987 DEBUG [main] cache:45 - Couldn't find template in cache for "Extent.ftl"("en_GB", UTF-8, parsed); will try to load it.
2022-09-25 09:37:49,028 DEBUG [main] cache:45 - TemplateLoader.findTemplateSource("Extent_en_GB.ftl"): Not found
2022-09-25 09:37:49,029 DEBUG [main] cache:45 - TemplateLoader.findTemplateSource("Extent_en.ftl"): Not found
2022-09-25 09:37:49,030 DEBUG [main] cache:45 - TemplateLoader.findTemplateSource("Extent.ftl"): Found
2022-09-25 09:37:49,030 DEBUG [main] cache:45 - Loading template for "Extent.ftl"("en_GB", UTF-8, parsed) from "jar:file:/C:/Users/User/.m2/repository/com/relevantcodes/extentreports/2.41.2/extentreports-2.41.2.jar!/com/relevantcodes/extentreports/view/Extent.ftl"
2022-09-25 09:37:49,423 DEBUG [main] cache:45 - Couldn't find template in cache for "Extent.ftl"("en_GB", UTF-8, parsed); will try to load it.
2022-09-25 09:37:49,424 DEBUG [main] cache:45 - TemplateLoader.findTemplateSource("Extent_en_GB.ftl"): Not found
2022-09-25 09:37:49,424 DEBUG [main] cache:45 - TemplateLoader.findTemplateSource("Extent_en.ftl"): Not found
2022-09-25 09:37:49,425 DEBUG [main] cache:45 - TemplateLoader.findTemplateSource("Extent.ftl"): Found
2022-09-25 09:37:49,425 DEBUG [main] cache:45 - Loading template for "Extent.ftl"("en_GB", UTF-8, parsed) from "jar:file:/C:/Users/User/.m2/repository/com/relevantcodes/extentreports/2.41.2/extentreports-2.41.2.jar!/com/relevantcodes/extentreports/view/Extent.ftl"
2022-09-25 10:41:15,574 DEBUG [main] cache:45 - Couldn't find template in cache for "Extent.ftl"("en_GB", UTF-8, parsed); will try to load it.
2022-09-25 10:41:15,580 DEBUG [main] cache:45 - TemplateLoader.findTemplateSource("Extent_en_GB.ftl"): Not found
2022-09-25 10:41:15,584 DEBUG [main] cache:45 - TemplateLoader.findTemplateSource("Extent_en.ftl"): Not found
2022-09-25 10:41:15,587 DEBUG [main] cache:45 - TemplateLoader.findTemplateSource("Extent.ftl"): Found
2022-09-25 10:41:15,588 DEBUG [main] cache:45 - Loading template for "Extent.ftl"("en_GB", UTF-8, parsed) from "jar:file:/C:/Users/User/.m2/repository/com/relevantcodes/extentreports/2.41.2/extentreports-2.41.2.jar!/com/relevantcodes/extentreports/view/Extent.ftl"
2022-09-25 10:41:16,053 DEBUG [main] cache:45 - Couldn't find template in cache for "Extent.ftl"("en_GB", UTF-8, parsed); will try to load it.
2022-09-25 10:41:16,054 DEBUG [main] cache:45 - TemplateLoader.findTemplateSource("Extent_en_GB.ftl"): Not found
2022-09-25 10:41:16,056 DEBUG [main] cache:45 - TemplateLoader.findTemplateSource("Extent_en.ftl"): Not found
2022-09-25 10:41:16,057 DEBUG [main] cache:45 - TemplateLoader.findTemplateSource("Extent.ftl"): Found
2022-09-25 10:41:16,058 DEBUG [main] cache:45 - Loading template for "Extent.ftl"("en_GB", UTF-8, parsed) from "jar:file:/C:/Users/User/.m2/repository/com/relevantcodes/extentreports/2.41.2/extentreports-2.41.2.jar!/com/relevantcodes/extentreports/view/Extent.ftl"
2022-09-25 11:01:26,601 DEBUG [main] cache:45 - Couldn't find template in cache for "Extent.ftl"("en_GB", UTF-8, parsed); will try to load it.
2022-09-25 11:01:26,607 DEBUG [main] cache:45 - TemplateLoader.findTemplateSource("Extent_en_GB.ftl"): Not found
2022-09-25 11:01:26,610 DEBUG [main] cache:45 - TemplateLoader.findTemplateSource("Extent_en.ftl"): Not found
2022-09-25 11:01:26,611 DEBUG [main] cache:45 - TemplateLoader.findTemplateSource("Extent.ftl"): Found
2022-09-25 11:01:26,612 DEBUG [main] cache:45 - Loading template for "Extent.ftl"("en_GB", UTF-8, parsed) from "jar:file:/C:/Users/User/.m2/repository/com/relevantcodes/extentreports/2.41.2/extentreports-2.41.2.jar!/com/relevantcodes/extentreports/view/Extent.ftl"
2022-09-25 11:01:26,902 DEBUG [main] cache:45 - Couldn't find template in cache for "Extent.ftl"("en_GB", UTF-8, parsed); will try to load it.
2022-09-25 11:01:26,902 DEBUG [main] cache:45 - TemplateLoader.findTemplateSource("Extent_en_GB.ftl"): Not found
2022-09-25 11:01:26,902 DEBUG [main] cache:45 - TemplateLoader.findTemplateSource("Extent_en.ftl"): Not found
2022-09-25 11:01:26,903 DEBUG [main] cache:45 - TemplateLoader.findTemplateSource("Extent.ftl"): Found
2022-09-25 11:01:26,903 DEBUG [main] cache:45 - Loading template for "Extent.ftl"("en_GB", UTF-8, parsed) from "jar:file:/C:/Users/User/.m2/repository/com/relevantcodes/extentreports/2.41.2/extentreports-2.41.2.jar!/com/relevantcodes/extentreports/view/Extent.ftl"
2022-09-25 11:36:00,211 DEBUG [main] cache:45 - Couldn't find template in cache for "Extent.ftl"("en_GB", UTF-8, parsed); will try to load it.
2022-09-25 11:36:00,215 DEBUG [main] cache:45 - TemplateLoader.findTemplateSource("Extent_en_GB.ftl"): Not found
2022-09-25 11:36:00,217 DEBUG [main] cache:45 - TemplateLoader.findTemplateSource("Extent_en.ftl"): Not found
2022-09-25 11:36:00,218 DEBUG [main] cache:45 - TemplateLoader.findTemplateSource("Extent.ftl"): Found
2022-09-25 11:36:00,219 DEBUG [main] cache:45 - Loading template for "Extent.ftl"("en_GB", UTF-8, parsed) from "jar:file:/C:/Users/User/.m2/repository/com/relevantcodes/extentreports/2.41.2/extentreports-2.41.2.jar!/com/relevantcodes/extentreports/view/Extent.ftl"
2022-09-25 11:36:00,461 DEBUG [main] cache:45 - Couldn't find template in cache for "Extent.ftl"("en_GB", UTF-8, parsed); will try to load it.
2022-09-25 11:36:00,462 DEBUG [main] cache:45 - TemplateLoader.findTemplateSource("Extent_en_GB.ftl"): Not found
2022-09-25 11:36:00,463 DEBUG [main] cache:45 - TemplateLoader.findTemplateSource("Extent_en.ftl"): Not found
2022-09-25 11:36:00,463 DEBUG [main] cache:45 - TemplateLoader.findTemplateSource("Extent.ftl"): Found
2022-09-25 11:36:00,464 DEBUG [main] cache:45 - Loading template for "Extent.ftl"("en_GB", UTF-8, parsed) from "jar:file:/C:/Users/User/.m2/repository/com/relevantcodes/extentreports/2.41.2/extentreports-2.41.2.jar!/com/relevantcodes/extentreports/view/Extent.ftl"
2022-09-25 13:09:33,054 DEBUG [main] cache:45 - Couldn't find template in cache for "Extent.ftl"("en_GB", UTF-8, parsed); will try to load it.
2022-09-25 13:09:33,079 DEBUG [main] cache:45 - TemplateLoader.findTemplateSource("Extent_en_GB.ftl"): Not found
2022-09-25 13:09:33,081 DEBUG [main] cache:45 - TemplateLoader.findTemplateSource("Extent_en.ftl"): Not found
2022-09-25 13:09:33,082 DEBUG [main] cache:45 - TemplateLoader.findTemplateSource("Extent.ftl"): Found
2022-09-25 13:09:33,082 DEBUG [main] cache:45 - Loading template for "Extent.ftl"("en_GB", UTF-8, parsed) from "jar:file:/C:/Users/User/.m2/repository/com/relevantcodes/extentreports/2.41.2/extentreports-2.41.2.jar!/com/relevantcodes/extentreports/view/Extent.ftl"
2022-09-25 13:09:33,543 DEBUG [main] cache:45 - Couldn't find template in cache for "Extent.ftl"("en_GB", UTF-8, parsed); will try to load it.
2022-09-25 13:09:33,543 DEBUG [main] cache:45 - TemplateLoader.findTemplateSource("Extent_en_GB.ftl"): Not found
2022-09-25 13:09:33,544 DEBUG [main] cache:45 - TemplateLoader.findTemplateSource("Extent_en.ftl"): Not found
2022-09-25 13:09:33,544 DEBUG [main] cache:45 - TemplateLoader.findTemplateSource("Extent.ftl"): Found
2022-09-25 13:09:33,544 DEBUG [main] cache:45 - Loading template for "Extent.ftl"("en_GB", UTF-8, parsed) from "jar:file:/C:/Users/User/.m2/repository/com/relevantcodes/extentreports/2.41.2/extentreports-2.41.2.jar!/com/relevantcodes/extentreports/view/Extent.ftl"
